<?xml version="1.0" encoding="UTF-8"?>
<testsuite name="com.livevox.CalculatorTest" tests="1" skipped="0" failures="0" errors="0" timestamp="2019-07-04T10:49:13" hostname="lv-ind-lpt-215l" time="0.001">
  <properties/>
  <testcase name="testAdd" classname="com.livevox.CalculatorTest" time="0.001"/>
  <system-out><![CDATA[]]></system-out>
  <system-err><![CDATA[]]></system-err>
</testsuite>
