<?xml version="1.0" encoding="UTF-8"?>
<testsuite name="com.livevox.CalculatorTest" tests="4" skipped="0" failures="0" errors="0" timestamp="2019-07-05T07:52:15" hostname="lv-ind-lpt-215l" time="0.005">
  <properties/>
  <testcase name="testAdd" classname="com.livevox.CalculatorTest" time="0.003"/>
  <testcase name="testDiv" classname="com.livevox.CalculatorTest" time="0.0"/>
  <testcase name="testSub" classname="com.livevox.CalculatorTest" time="0.0"/>
  <testcase name="testMulti" classname="com.livevox.CalculatorTest" time="0.0"/>
  <system-out><![CDATA[]]></system-out>
  <system-err><![CDATA[]]></system-err>
</testsuite>
